<?xml version="1.0" encoding="UTF-8"?>
<testsuite xmlns:xsi="http://www.w3.org/2001/XMLSchema-instance" xsi:noNamespaceSchemaLocation="https://maven.apache.org/surefire/maven-surefire-plugin/xsd/surefire-test-report.xsd" name="de.christian_steinert.practice_dates.practicedates.dates_service.PracticeDatesServiceTest" time="0.881" tests="3" errors="0" skipped="0" failures="1">
  <properties>
[...]
</properties>
  <testcase name="isGetDateRangeInfoEqualToResultOfIndividualDays" classname="de.christian_steinert.practice_dates.practicedates.dates_service.PracticeDatesServiceTest" time="0.816"/>
  <testcase name="isGetMonthInfoEqualToDateRange" classname="de.christian_steinert.practice_dates.practicedates.dates_service.PracticeDatesServiceTest" time="0.024"/>
  <testcase name="checkPracticeData" classname="de.christian_steinert.practice_dates.practicedates.dates_service.PracticeDatesServiceTest" time="0.029">
    <failure message="The day 2008-12-14 does not contain the expected practice OTHER ==&gt; expected: &lt;true&gt; but was: &lt;false&gt;" type="org.opentest4j.AssertionFailedError"><![CDATA[org.opentest4j.AssertionFailedError: The day 2008-12-14 does not contain the expected practice OTHER ==> expected: <true> but was: <false>
	at de.christian_steinert.practice_dates.practicedates.dates_service.PracticeDatesServiceTest.checkForExpectedPractices(PracticeDatesServiceTest.java:57)
	at de.christian_steinert.practice_dates.practicedates.dates_service.PracticeDatesServiceTest.checkPracticeData(PracticeDatesServiceTest.java:119)
]]></failure>
  </testcase>
</testsuite>